====START OF HERA REGRESSION TESTING LOG====

UFSWM hash used in testing:
6fc4e23a60b344509d777d52a50460b7f7fa998b

Submodule hashes used in testing:
 37cbb7d6840ae7515a9a8f0dfd4d89461b3396d1 AQM (v0.2.0-37-g37cbb7d)
 df6acd469ced8cf3f251c89e1b20bbf4d689aa2d CDEPS-interface/CDEPS (heads/sync_escomp)
 d406c7e205bd62913eea0bc87bed1aeb63eb2f83 CICE-interface/CICE (CICE6.0.0-449-gd406c7e)
 2d837b16af326b09ff4018daab4de84f4deff7ec CMEPS-interface/CMEPS (cmeps_v0.4.1-2307-g2d837b1)
 cabd7753ae17f7bfcc6dad56daf10868aa51c3f4 CMakeModules (v1.0.0-28-gcabd775)
 07c26d1efae47445e4c36ff98942494788e7dc49 FV3 (heads/develop)
 041422934cae1570f2f0e67239d5d89f11c6e1b7 GOCART (sdr_v2.1.2.6-119-g0414229)
 bcf7777bb037ae2feb2a8a8ac51aacb3511b52d9 HYCOM-interface/HYCOM (2.3.00-122-gbcf7777)
 b32aea7bf3f9e2a774afa23d3386c88156cd1182 MOM6-interface/MOM6 (dev/master/repository_split_2014.10.10-10051-gb32aea7bf)
 ec38ea3d902644cd4519d5fe060316859ccdc108 NOAHMP-interface/noahmp (v3.7.1-434-gec38ea3)
 d9b3172f4197c65d471662c6952a668152d71230 WW3 (6.07.1-345-gd9b3172f)
 fad2fe9f42f6b7f744b128b4a2a9433f91e4296f stochastic_physics (ufs-v2.0.0-219-gfad2fe9)


NOTES:
[Times](Memory) are at the end of each compile/test in format [MM:SS](Size).
The first time is for the full script (prep+run+finalize).
The second time is specifically for the run phase.
Times/Memory will be empty for failed tests.

BASELINE DIRECTORY: /scratch2/NAGAPE/epic/UFS-WM_RT/NEMSfv3gfs/develop-20240614
COMPARISON DIRECTORY: /scratch1/NCEPDEV/stmp2/Nick.Szapiro/FV3_RT/rt_1268879

RT.SH OPTIONS USED:
* (-a) - HPC PROJECT ACCOUNT: nems
* (-e) - USE ECFLOW

PASS -- COMPILE 's2swa_32bit_intel' [14:13, 13:36] ( 1 warnings 8 remarks )
PASS -- TEST 'cpld_control_p8_mixedmode_intel' [07:15, 05:42](3289 MB)

PASS -- COMPILE 's2swa_32bit_pdlib_intel' [16:13, 15:46] ( 1 warnings 8 remarks )
PASS -- TEST 'cpld_control_gfsv17_intel' [19:03, 17:23](1960 MB)
PASS -- TEST 'cpld_control_gfsv17_iau_intel' [23:11, 18:10](2143 MB)
PASS -- TEST 'cpld_restart_gfsv17_intel' [13:04, 08:13](1231 MB)
PASS -- TEST 'cpld_mpi_gfsv17_intel' [21:59, 19:30](1848 MB)

PASS -- COMPILE 's2swa_32bit_pdlib_sfs_intel' [16:13, 15:56] ( 1 warnings 8 remarks )
PASS -- TEST 'cpld_control_sfs_intel' [18:43, 17:07](1952 MB)

PASS -- COMPILE 's2swa_32bit_pdlib_debug_intel' [06:12, 05:17] ( 1525 warnings 1998 remarks )
PASS -- TEST 'cpld_debug_gfsv17_intel' [23:55, 22:48](1889 MB)

PASS -- COMPILE 's2swa_intel' [14:13, 13:37] ( 8 remarks )
PASS -- TEST 'cpld_control_p8_intel' [08:15, 05:59](3315 MB)
PASS -- TEST 'cpld_control_p8.v2.sfc_intel' [09:21, 06:01](3321 MB)
PASS -- TEST 'cpld_restart_p8_intel' [05:12, 03:39](3238 MB)
PASS -- TEST 'cpld_control_qr_p8_intel' [07:10, 06:03](3344 MB)
PASS -- TEST 'cpld_restart_qr_p8_intel' [05:19, 03:39](3251 MB)
PASS -- TEST 'cpld_2threads_p8_intel' [07:05, 05:46](3593 MB)
PASS -- TEST 'cpld_decomp_p8_intel' [07:05, 06:00](3310 MB)
PASS -- TEST 'cpld_mpi_p8_intel' [06:10, 04:55](3183 MB)
PASS -- TEST 'cpld_control_ciceC_p8_intel' [08:24, 06:00](3320 MB)
PASS -- TEST 'cpld_control_c192_p8_intel' [18:11, 10:25](3497 MB)
PASS -- TEST 'cpld_restart_c192_p8_intel' [14:39, 06:26](3595 MB)
PASS -- TEST 'cpld_bmark_p8_intel' [21:37, 10:02](4253 MB)
PASS -- TEST 'cpld_restart_bmark_p8_intel' [15:59, 06:06](4331 MB)
PASS -- TEST 'cpld_s2sa_p8_intel' [07:09, 05:33](3302 MB)

PASS -- COMPILE 's2sw_intel' [13:13, 12:52] ( 8 remarks )
PASS -- TEST 'cpld_control_noaero_p8_intel' [06:58, 04:54](1966 MB)
PASS -- TEST 'cpld_control_nowave_noaero_p8_intel' [06:02, 04:38](2028 MB)

PASS -- COMPILE 's2swa_debug_intel' [06:12, 05:17] ( 1450 warnings 1228 remarks )
PASS -- TEST 'cpld_debug_p8_intel' [11:02, 08:34](3318 MB)

PASS -- COMPILE 's2sw_debug_intel' [05:12, 04:52] ( 1450 warnings 1228 remarks )
PASS -- TEST 'cpld_debug_noaero_p8_intel' [07:04, 05:57](1953 MB)

PASS -- COMPILE 's2s_aoflux_intel' [13:13, 12:16] ( 1 remarks )
PASS -- TEST 'cpld_control_noaero_p8_agrid_intel' [07:03, 04:45](2030 MB)

PASS -- COMPILE 's2s_intel' [13:13, 12:13] ( 1 remarks )
PASS -- TEST 'cpld_control_c48_intel' [11:42, 09:46](3075 MB)
PASS -- TEST 'cpld_warmstart_c48_intel' [04:42, 02:51](3054 MB)
PASS -- TEST 'cpld_restart_c48_intel' [04:45, 01:44](2489 MB)

PASS -- COMPILE 's2swa_faster_intel' [22:12, 21:12] ( 8 remarks )
PASS -- TEST 'cpld_control_p8_faster_intel' [19:11, 05:39](3315 MB)

PASS -- COMPILE 's2sw_pdlib_intel' [16:11, 16:03] ( 8 remarks )
PASS -- TEST 'cpld_control_pdlib_p8_intel' [34:12, 17:33](1987 MB)
PASS -- TEST 'cpld_restart_pdlib_p8_intel' [10:10, 08:11](1249 MB)
PASS -- TEST 'cpld_mpi_pdlib_p8_intel' [27:07, 19:55](1894 MB)

PASS -- COMPILE 's2sw_pdlib_debug_intel' [05:10, 04:49] ( 1560 warnings 1998 remarks )
PASS -- TEST 'cpld_debug_pdlib_p8_intel' [27:57, 24:40](1910 MB)

PASS -- COMPILE 'atm_dyn32_intel' [15:12, 11:55] ( 1 warnings 1 remarks )
PASS -- TEST 'control_flake_intel' [17:27, 03:24](683 MB)
PASS -- TEST 'control_CubedSphereGrid_intel' [16:44, 02:56](1585 MB)
PASS -- TEST 'control_CubedSphereGrid_parallel_intel' [14:43, 03:01](1576 MB)
PASS -- TEST 'control_latlon_intel' [13:37, 02:57](1582 MB)
PASS -- TEST 'control_wrtGauss_netcdf_parallel_intel' [08:48, 02:59](1585 MB)
PASS -- TEST 'control_c48_intel' [09:49, 07:40](1739 MB)
PASS -- TEST 'control_c48.v2.sfc_intel' [07:27, 06:26](853 MB)
PASS -- TEST 'control_c192_intel' [12:02, 10:35](1722 MB)
PASS -- TEST 'control_c384_intel' [12:51, 10:28](1990 MB)
PASS -- TEST 'control_c384gdas_intel' [10:36, 07:57](1377 MB)
PASS -- TEST 'control_stochy_intel' [02:25, 01:38](633 MB)
PASS -- TEST 'control_stochy_restart_intel' [13:29, 01:01](488 MB)
PASS -- TEST 'control_lndp_intel' [02:25, 01:33](642 MB)
PASS -- TEST 'control_iovr4_intel' [03:26, 02:30](636 MB)
PASS -- TEST 'control_iovr5_intel' [03:25, 02:28](642 MB)
PASS -- TEST 'control_p8_intel' [05:02, 03:07](1863 MB)
PASS -- TEST 'control_p8.v2.sfc_intel' [05:03, 03:06](1889 MB)
PASS -- TEST 'control_p8_ugwpv1_intel' [04:56, 02:58](1881 MB)
PASS -- TEST 'control_restart_p8_intel' [10:46, 01:48](1117 MB)
PASS -- TEST 'control_noqr_p8_intel' [05:58, 03:02](1870 MB)
PASS -- TEST 'control_restart_noqr_p8_intel' [08:54, 01:46](1127 MB)
PASS -- TEST 'control_decomp_p8_intel' [16:00, 03:13](1857 MB)
PASS -- TEST 'control_2threads_p8_intel' [05:56, 02:55](1968 MB)
PASS -- TEST 'control_p8_lndp_intel' [09:52, 05:23](1886 MB)
PASS -- TEST 'control_p8_rrtmgp_intel' [18:05, 04:11](1939 MB)
PASS -- TEST 'control_p8_mynn_intel' [07:01, 03:06](1890 MB)
PASS -- TEST 'merra2_thompson_intel' [17:02, 03:25](1891 MB)
PASS -- TEST 'regional_control_intel' [07:44, 05:18](1081 MB)
PASS -- TEST 'regional_restart_intel' [08:43, 02:57](1079 MB)
PASS -- TEST 'regional_decomp_intel' [09:41, 05:42](1077 MB)
PASS -- TEST 'regional_2threads_intel' [06:38, 03:31](1085 MB)
PASS -- TEST 'regional_noquilt_intel' [17:39, 05:19](1375 MB)
PASS -- TEST 'regional_netcdf_parallel_intel' [17:39, 05:22](1087 MB)
PASS -- TEST 'regional_2dwrtdecomp_intel' [15:41, 05:23](1080 MB)
PASS -- TEST 'regional_wofs_intel' [16:40, 06:46](1902 MB)

PASS -- COMPILE 'rrfs_intel' [12:12, 11:15] ( 3 warnings 9 remarks )
PASS -- TEST 'rap_control_intel' [17:38, 07:46](1098 MB)
PASS -- TEST 'regional_spp_sppt_shum_skeb_intel' [15:02, 04:08](1289 MB)
PASS -- TEST 'rap_decomp_intel' [16:37, 08:10](1019 MB)
PASS -- TEST 'rap_2threads_intel' [15:40, 07:22](1161 MB)
PASS -- TEST 'rap_restart_intel' [05:42, 04:08](1089 MB)
PASS -- TEST 'rap_sfcdiff_intel' [16:42, 07:45](1090 MB)
PASS -- TEST 'rap_sfcdiff_decomp_intel' [16:39, 08:10](1021 MB)
PASS -- TEST 'rap_sfcdiff_restart_intel' [08:45, 05:51](1120 MB)
PASS -- TEST 'hrrr_control_intel' [12:35, 03:59](1015 MB)
PASS -- TEST 'hrrr_control_decomp_intel' [11:43, 04:05](1013 MB)
PASS -- TEST 'hrrr_control_2threads_intel' [10:36, 03:43](1094 MB)
PASS -- TEST 'hrrr_control_restart_intel' [06:28, 02:16](987 MB)
PASS -- TEST 'rrfs_v1beta_intel' [14:49, 07:38](1078 MB)
PASS -- TEST 'rrfs_v1nssl_intel' [13:28, 09:11](1977 MB)
PASS -- TEST 'rrfs_v1nssl_nohailnoccn_intel' [12:28, 09:00](2060 MB)

PASS -- COMPILE 'csawmg_intel' [12:12, 10:42]
PASS -- TEST 'control_csawmg_intel' [09:40, 06:11](1005 MB)
PASS -- TEST 'control_ras_intel' [06:22, 03:20](728 MB)

PASS -- COMPILE 'csawmg_gnu' [05:11, 04:13]
PASS -- TEST 'control_csawmg_gnu' [10:36, 08:23](742 MB)

PASS -- COMPILE 'wam_intel' [11:12, 10:39] ( 1 remarks )
PASS -- TEST 'control_wam_intel' [13:49, 10:57](1646 MB)

PASS -- COMPILE 'atm_faster_dyn32_intel' [19:13, 18:23] ( 1 remarks )
PASS -- TEST 'control_p8_faster_intel' [05:57, 02:56](1869 MB)
PASS -- TEST 'regional_control_faster_intel' [05:38, 04:51](1077 MB)

PASS -- COMPILE 'atm_debug_dyn32_intel' [07:11, 06:32] ( 884 warnings 9 remarks )
PASS -- TEST 'control_CubedSphereGrid_debug_intel' [18:52, 02:37](1587 MB)
PASS -- TEST 'control_wrtGauss_netcdf_parallel_debug_intel' [18:55, 02:35](1581 MB)
PASS -- TEST 'control_stochy_debug_intel' [18:29, 03:00](778 MB)
PASS -- TEST 'control_lndp_debug_intel' [03:27, 02:47](789 MB)
PASS -- TEST 'control_csawmg_debug_intel' [19:48, 04:16](1103 MB)
PASS -- TEST 'control_ras_debug_intel' [18:30, 02:44](796 MB)
PASS -- TEST 'control_diag_debug_intel' [18:55, 02:48](1638 MB)
PASS -- TEST 'control_debug_p8_intel' [18:53, 02:58](1879 MB)
PASS -- TEST 'regional_debug_intel' [32:51, 16:46](1063 MB)
PASS -- TEST 'rap_control_debug_intel' [20:32, 04:56](1168 MB)
PASS -- TEST 'hrrr_control_debug_intel' [20:33, 04:49](1175 MB)
PASS -- TEST 'hrrr_gf_debug_intel' [20:33, 04:47](1172 MB)
PASS -- TEST 'hrrr_c3_debug_intel' [20:34, 04:51](1173 MB)
PASS -- TEST 'rap_unified_drag_suite_debug_intel' [20:32, 04:53](1170 MB)
PASS -- TEST 'rap_diag_debug_intel' [20:49, 05:17](1253 MB)
PASS -- TEST 'rap_cires_ugwp_debug_intel' [20:32, 05:04](1169 MB)
PASS -- TEST 'rap_unified_ugwp_debug_intel' [20:28, 05:02](1164 MB)
PASS -- TEST 'rap_lndp_debug_intel' [19:27, 04:55](1169 MB)
PASS -- TEST 'rap_progcld_thompson_debug_intel' [19:25, 04:52](1167 MB)
PASS -- TEST 'rap_noah_debug_intel' [06:25, 04:51](1169 MB)
PASS -- TEST 'rap_sfcdiff_debug_intel' [12:25, 04:57](1183 MB)
PASS -- TEST 'rap_noah_sfcdiff_cires_ugwp_debug_intel' [15:26, 08:22](1169 MB)
PASS -- TEST 'rrfs_v1beta_debug_intel' [11:26, 04:52](1162 MB)
PASS -- TEST 'rap_clm_lake_debug_intel' [11:26, 06:00](1176 MB)
PASS -- TEST 'rap_flake_debug_intel' [10:22, 04:55](1176 MB)
PASS -- TEST 'gnv1_c96_no_nest_debug_intel' [13:42, 08:28](1183 MB)

PASS -- COMPILE 'atm_debug_dyn32_gnu' [05:12, 04:52]
PASS -- TEST 'control_csawmg_debug_gnu' [03:45, 02:30](721 MB)

PASS -- COMPILE 'wam_debug_intel' [06:11, 03:59] ( 839 warnings 1 remarks )
PASS -- TEST 'control_wam_debug_intel' [18:53, 13:19](1653 MB)

PASS -- COMPILE 'rrfs_dyn32_phy32_intel' [11:12, 10:38] ( 3 warnings 8 remarks )
PASS -- TEST 'regional_spp_sppt_shum_skeb_dyn32_phy32_intel' [09:05, 04:01](1147 MB)
PASS -- TEST 'rap_control_dyn32_phy32_intel' [11:34, 06:32](1035 MB)
PASS -- TEST 'hrrr_control_dyn32_phy32_intel' [07:42, 03:30](967 MB)
PASS -- TEST 'rap_2threads_dyn32_phy32_intel' [10:40, 06:13](1085 MB)
PASS -- TEST 'hrrr_control_2threads_dyn32_phy32_intel' [07:31, 03:12](949 MB)
PASS -- TEST 'hrrr_control_decomp_dyn32_phy32_intel' [07:30, 03:41](918 MB)
PASS -- TEST 'rap_restart_dyn32_phy32_intel' [13:47, 05:00](1036 MB)
PASS -- TEST 'hrrr_control_restart_dyn32_phy32_intel' [02:30, 01:54](923 MB)

PASS -- COMPILE 'rrfs_dyn32_phy32_faster_intel' [15:11, 14:30] ( 3 warnings 8 remarks )
PASS -- TEST 'conus13km_control_intel' [05:57, 02:11](1190 MB)
PASS -- TEST 'conus13km_2threads_intel' [02:49, 00:57](1110 MB)
PASS -- TEST 'conus13km_restart_mismatch_intel' [02:45, 01:18](1099 MB)

PASS -- COMPILE 'rrfs_dyn64_phy32_intel' [11:11, 10:50] ( 3 warnings 8 remarks )
PASS -- TEST 'rap_control_dyn64_phy32_intel' [08:45, 04:17](971 MB)

PASS -- COMPILE 'rrfs_dyn32_phy32_debug_intel' [18:12, 04:05] ( 787 warnings 8 remarks )
PASS -- TEST 'rap_control_debug_dyn32_phy32_intel' [07:24, 04:53](1047 MB)
PASS -- TEST 'hrrr_control_debug_dyn32_phy32_intel' [07:21, 04:49](1052 MB)
PASS -- TEST 'conus13km_debug_intel' [16:52, 14:42](1217 MB)
PASS -- TEST 'conus13km_debug_qr_intel' [16:45, 15:04](910 MB)
PASS -- TEST 'conus13km_debug_2threads_intel' [09:43, 08:02](1141 MB)
PASS -- TEST 'conus13km_radar_tten_debug_intel' [18:45, 14:36](1290 MB)

PASS -- COMPILE 'rrfs_dyn64_phy32_debug_intel' [18:12, 04:04] ( 787 warnings 8 remarks )
PASS -- TEST 'rap_control_dyn64_phy32_debug_intel' [08:24, 04:59](1127 MB)

PASS -- COMPILE 'hafsw_intel' [27:13, 12:34] ( 1 warnings 8 remarks )
PASS -- TEST 'hafs_regional_atm_intel' [07:15, 05:04](736 MB)
PASS -- TEST 'hafs_regional_atm_thompson_gfdlsf_intel' [07:30, 06:22](1103 MB)
PASS -- TEST 'hafs_regional_atm_ocn_intel' [10:22, 07:07](834 MB)
PASS -- TEST 'hafs_regional_atm_wav_intel' [16:14, 13:48](866 MB)
PASS -- TEST 'hafs_regional_atm_ocn_wav_intel' [17:35, 15:22](872 MB)
PASS -- TEST 'hafs_regional_1nest_atm_intel' [06:58, 05:35](495 MB)
PASS -- TEST 'hafs_regional_telescopic_2nests_atm_intel' [09:21, 07:07](512 MB)
PASS -- TEST 'hafs_global_1nest_atm_intel' [03:45, 02:45](377 MB)
PASS -- TEST 'hafs_global_multiple_4nests_atm_intel' [21:52, 08:19](484 MB)
PASS -- TEST 'hafs_regional_specified_moving_1nest_atm_intel' [14:50, 04:04](534 MB)
PASS -- TEST 'hafs_regional_storm_following_1nest_atm_intel' [14:57, 03:41](532 MB)
PASS -- TEST 'hafs_regional_storm_following_1nest_atm_ocn_intel' [15:08, 04:20](591 MB)
PASS -- TEST 'hafs_global_storm_following_1nest_atm_intel' [12:34, 01:28](407 MB)
PASS -- TEST 'gnv1_nested_intel' [15:52, 04:13](1743 MB)

PASS -- COMPILE 'hafsw_debug_intel' [18:12, 04:24] ( 1467 warnings 1501 remarks )
PASS -- TEST 'hafs_regional_storm_following_1nest_atm_ocn_debug_intel' [16:01, 12:46](590 MB)

PASS -- COMPILE 'hafsw_faster_intel' [33:16, 20:42] ( 7 remarks )
PASS -- TEST 'hafs_regional_storm_following_1nest_atm_ocn_wav_intel' [20:11, 09:00](643 MB)
PASS -- TEST 'hafs_regional_storm_following_1nest_atm_ocn_wav_inline_intel' [19:12, 09:04](712 MB)

PASS -- COMPILE 'hafs_mom6w_intel' [26:13, 12:33] ( 7 remarks )
PASS -- TEST 'hafs_regional_storm_following_1nest_atm_ocn_wav_mom6_intel' [17:06, 06:52](694 MB)

PASS -- COMPILE 'hafs_all_intel' [20:12, 11:49] ( 7 remarks )
FAILED: UNABLE TO COMPLETE COMPARISON -- TEST 'hafs_regional_docn_intel' [, ]( MB)
FAILED: UNABLE TO COMPLETE COMPARISON -- TEST 'hafs_regional_docn_oisst_intel' [, ]( MB)
FAILED: UNABLE TO COMPLETE COMPARISON -- TEST 'hafs_regional_datm_cdeps_intel' [, ]( MB)

PASS -- COMPILE 'datm_cdeps_intel' [14:11, 06:44]
PASS -- TEST 'datm_cdeps_control_cfsr_intel' [10:23, 02:50](1165 MB)
PASS -- TEST 'datm_cdeps_restart_cfsr_intel' [03:22, 01:43](1094 MB)
PASS -- TEST 'datm_cdeps_control_gefs_intel' [10:24, 02:46](1027 MB)
PASS -- TEST 'datm_cdeps_iau_gefs_intel' [10:21, 02:53](1023 MB)
PASS -- TEST 'datm_cdeps_stochy_gefs_intel' [09:21, 02:44](1020 MB)
PASS -- TEST 'datm_cdeps_ciceC_cfsr_intel' [09:22, 02:52](1157 MB)
PASS -- TEST 'datm_cdeps_bulk_cfsr_intel' [09:21, 02:54](1160 MB)
PASS -- TEST 'datm_cdeps_bulk_gefs_intel' [08:20, 02:49](1026 MB)
PASS -- TEST 'datm_cdeps_mx025_cfsr_intel' [11:25, 06:16](1065 MB)
PASS -- TEST 'datm_cdeps_mx025_gefs_intel' [09:23, 06:15](1042 MB)
PASS -- TEST 'datm_cdeps_multiple_files_cfsr_intel' [04:17, 03:00](1159 MB)
PASS -- TEST 'datm_cdeps_3072x1536_cfsr_intel' [05:24, 03:52](2502 MB)
PASS -- TEST 'datm_cdeps_gfs_intel' [05:22, 03:57](2445 MB)

PASS -- COMPILE 'datm_cdeps_debug_intel' [09:11, 03:21] ( 2 warnings )
PASS -- TEST 'datm_cdeps_debug_cfsr_intel' [07:22, 06:17](1079 MB)

PASS -- COMPILE 'datm_cdeps_faster_intel' [10:12, 06:35]
PASS -- TEST 'datm_cdeps_control_cfsr_faster_intel' [03:22, 02:40](1162 MB)

PASS -- COMPILE 'datm_cdeps_land_intel' [01:11, 01:07] ( 1 remarks )
PASS -- TEST 'datm_cdeps_lnd_gswp3_intel' [02:32, 00:53](262 MB)
PASS -- TEST 'datm_cdeps_lnd_era5_intel' [01:27, 00:53](328 MB)
PASS -- TEST 'datm_cdeps_lnd_era5_rst_intel' [02:27, 00:32](321 MB)

PASS -- COMPILE 'atm_ds2s_docn_pcice_intel' [12:13, 11:22] ( 1 remarks )
PASS -- TEST 'atm_ds2s_docn_pcice_intel' [06:24, 03:52](1996 MB)

PASS -- COMPILE 'atm_ds2s_docn_dice_intel' [11:12, 10:59] ( 1 remarks )
PASS -- TEST 'atm_ds2s_docn_dice_intel' [05:19, 03:40](1966 MB)

PASS -- COMPILE 'atml_intel' [13:12, 12:37] ( 8 warnings 2 remarks )
PASS -- TEST 'control_p8_atmlnd_sbs_intel' [06:11, 04:25](1873 MB)
PASS -- TEST 'control_p8_atmlnd_intel' [06:07, 04:25](1874 MB)
PASS -- TEST 'control_restart_p8_atmlnd_intel' [03:55, 02:23](1107 MB)

PASS -- COMPILE 'atml_debug_intel' [05:11, 05:01] ( 882 warnings 2 remarks )
PASS -- TEST 'control_p8_atmlnd_debug_intel' [07:00, 05:45](1881 MB)

PASS -- COMPILE 'atmw_intel' [21:13, 11:21] ( 8 remarks )
PASS -- TEST 'atmwav_control_noaero_p8_intel' [02:54, 01:56](1935 MB)

PASS -- COMPILE 'atmaero_intel' [20:12, 11:17] ( 1 remarks )
PASS -- TEST 'atmaero_control_p8_intel' [06:58, 04:20](3208 MB)
PASS -- TEST 'atmaero_control_p8_rad_intel' [07:02, 04:55](3099 MB)
PASS -- TEST 'atmaero_control_p8_rad_micro_intel' [06:46, 05:00](3107 MB)

PASS -- COMPILE 'atmaq_debug_intel' [05:10, 04:14] ( 884 warnings 6 remarks )
PASS -- TEST 'regional_atmaq_debug_intel' [40:05, 36:48](4452 MB)

PASS -- COMPILE 'atm_gnu' [09:11, 04:41]
PASS -- TEST 'control_c48_gnu' [12:47, 11:21](1538 MB)
PASS -- TEST 'control_stochy_gnu' [05:26, 03:25](505 MB)
PASS -- TEST 'control_ras_gnu' [06:25, 04:45](511 MB)
PASS -- TEST 'control_p8_gnu' [06:59, 04:48](1476 MB)
PASS -- TEST 'control_p8_ugwpv1_gnu' [05:55, 04:47](1463 MB)
PASS -- TEST 'control_flake_gnu' [11:25, 10:15](545 MB)

PASS -- COMPILE 'rrfs_gnu' [09:12, 04:36]
PASS -- TEST 'rap_control_gnu' [12:32, 10:50](851 MB)
PASS -- TEST 'rap_decomp_gnu' [11:43, 11:02](855 MB)
PASS -- TEST 'rap_2threads_gnu' [11:35, 09:48](945 MB)
PASS -- TEST 'rap_restart_gnu' [08:47, 05:32](581 MB)
PASS -- TEST 'rap_sfcdiff_gnu' [12:42, 10:59](818 MB)
PASS -- TEST 'rap_sfcdiff_decomp_gnu' [12:32, 10:56](853 MB)
PASS -- TEST 'rap_sfcdiff_restart_gnu' [10:46, 08:02](582 MB)
PASS -- TEST 'hrrr_control_gnu' [06:41, 05:33](815 MB)
PASS -- TEST 'hrrr_control_noqr_gnu' [07:37, 05:37](800 MB)
PASS -- TEST 'hrrr_control_2threads_gnu' [06:33, 05:03](923 MB)
PASS -- TEST 'hrrr_control_decomp_gnu' [06:32, 05:39](856 MB)
PASS -- TEST 'hrrr_control_restart_gnu' [06:37, 02:56](567 MB)
PASS -- TEST 'hrrr_control_restart_noqr_gnu' [09:35, 02:54](657 MB)
PASS -- TEST 'rrfs_v1beta_gnu' [11:49, 10:29](809 MB)

PASS -- COMPILE 'atm_dyn32_debug_gnu' [11:11, 07:46]
PASS -- TEST 'control_diag_debug_gnu' [03:58, 01:41](1277 MB)
PASS -- TEST 'regional_debug_gnu' [13:44, 11:52](727 MB)
PASS -- TEST 'rap_control_debug_gnu' [04:31, 02:42](822 MB)
PASS -- TEST 'hrrr_control_debug_gnu' [03:25, 02:38](826 MB)
PASS -- TEST 'hrrr_gf_debug_gnu' [03:24, 02:42](829 MB)
PASS -- TEST 'hrrr_c3_debug_gnu' [04:26, 02:40](826 MB)
PASS -- TEST 'rap_diag_debug_gnu' [04:40, 02:46](907 MB)
PASS -- TEST 'rap_noah_sfcdiff_cires_ugwp_debug_gnu' [05:26, 04:06](829 MB)
PASS -- TEST 'rap_progcld_thompson_debug_gnu' [03:24, 02:39](821 MB)
PASS -- TEST 'rrfs_v1beta_debug_gnu' [03:23, 02:38](825 MB)
PASS -- TEST 'control_ras_debug_gnu' [02:22, 01:35](457 MB)
PASS -- TEST 'control_stochy_debug_gnu' [03:22, 01:46](448 MB)
PASS -- TEST 'control_debug_p8_gnu' [03:43, 01:48](1441 MB)
PASS -- TEST 'rap_flake_debug_gnu' [03:26, 02:35](824 MB)
PASS -- TEST 'rap_clm_lake_debug_gnu' [04:25, 02:54](826 MB)
PASS -- TEST 'gnv1_c96_no_nest_debug_gnu' [05:41, 04:25](832 MB)

PASS -- COMPILE 'wam_debug_gnu' [05:10, 02:52]

PASS -- COMPILE 'rrfs_dyn32_phy32_gnu' [06:11, 04:28]
PASS -- TEST 'rap_control_dyn32_phy32_gnu' [11:42, 09:31](710 MB)
PASS -- TEST 'hrrr_control_dyn32_phy32_gnu' [08:31, 04:56](710 MB)
PASS -- TEST 'rap_2threads_dyn32_phy32_gnu' [11:31, 08:33](754 MB)
PASS -- TEST 'hrrr_control_2threads_dyn32_phy32_gnu' [12:35, 04:31](748 MB)
PASS -- TEST 'hrrr_control_decomp_dyn32_phy32_gnu' [07:39, 05:09](706 MB)
PASS -- TEST 'rap_restart_dyn32_phy32_gnu' [08:44, 06:58](556 MB)
PASS -- TEST 'hrrr_control_restart_dyn32_phy32_gnu' [03:31, 02:35](537 MB)
PASS -- TEST 'conus13km_control_gnu' [10:01, 03:15](878 MB)
PASS -- TEST 'conus13km_2threads_gnu' [07:56, 06:08](882 MB)
PASS -- TEST 'conus13km_restart_mismatch_gnu' [03:54, 01:52](560 MB)

PASS -- COMPILE 'atm_dyn64_phy32_gnu' [11:12, 11:02]
PASS -- TEST 'rap_control_dyn64_phy32_gnu' [11:46, 05:52](738 MB)

PASS -- COMPILE 'atm_dyn32_phy32_debug_gnu' [08:10, 07:54]
PASS -- TEST 'rap_control_debug_dyn32_phy32_gnu' [08:28, 02:30](716 MB)
PASS -- TEST 'hrrr_control_debug_dyn32_phy32_gnu' [08:27, 02:28](717 MB)
PASS -- TEST 'conus13km_debug_gnu' [12:52, 07:00](892 MB)
PASS -- TEST 'conus13km_debug_qr_gnu' [12:49, 07:04](586 MB)
PASS -- TEST 'conus13km_debug_2threads_gnu' [12:47, 07:43](899 MB)
PASS -- TEST 'conus13km_radar_tten_debug_gnu' [11:47, 07:06](961 MB)

PASS -- COMPILE 'atm_dyn64_phy32_debug_gnu' [08:11, 07:43]
PASS -- TEST 'rap_control_dyn64_phy32_debug_gnu' [07:26, 02:39](739 MB)

PASS -- COMPILE 's2swa_gnu' [21:13, 16:47]

PASS -- COMPILE 's2s_gnu' [20:13, 16:13]
PASS -- TEST 'cpld_control_nowave_noaero_p8_gnu' [13:16, 07:29](1523 MB)

PASS -- COMPILE 's2swa_debug_gnu' [07:11, 03:29]

PASS -- COMPILE 's2sw_pdlib_gnu' [20:12, 16:33]
PASS -- TEST 'cpld_control_pdlib_p8_gnu' [25:03, 20:31](1459 MB)

PASS -- COMPILE 's2sw_pdlib_debug_gnu' [04:11, 03:21]
PASS -- TEST 'cpld_debug_pdlib_p8_gnu' [17:59, 13:24](1466 MB)

PASS -- COMPILE 'datm_cdeps_gnu' [17:13, 16:02]
PASS -- TEST 'datm_cdeps_control_cfsr_gnu' [05:28, 03:08](690 MB)

SYNOPSIS:
Starting Date/Time: 20240619 20:20:41
Ending Date/Time: 20240619 23:25:28
Total Time: 03h:05m:16s
Compiles Completed: 57/57
Tests Completed: 241/245
Failed Tests:
* TEST hafs_regional_docn_intel: FAILED: UNABLE TO COMPLETE COMPARISON
-- LOG: /scratch1/NCEPDEV/nems/Nick.Szapiro/tasks/sync_cdeps/ufs-weather-model/tests/logs/log_hera/run_hafs_regional_docn_intel.log
* TEST hafs_regional_docn_oisst_intel: FAILED: UNABLE TO COMPLETE COMPARISON
-- LOG: /scratch1/NCEPDEV/nems/Nick.Szapiro/tasks/sync_cdeps/ufs-weather-model/tests/logs/log_hera/run_hafs_regional_docn_oisst_intel.log
* TEST hafs_regional_datm_cdeps_intel: FAILED: UNABLE TO COMPLETE COMPARISON
-- LOG: /scratch1/NCEPDEV/nems/Nick.Szapiro/tasks/sync_cdeps/ufs-weather-model/tests/logs/log_hera/run_hafs_regional_datm_cdeps_intel.log
* TEST regional_atmaq_debug_intel: FAILED: TEST TIMED OUT
-- LOG: /scratch1/NCEPDEV/stmp2/Nick.Szapiro/FV3_RT/rt_1268879/regional_atmaq_debug_intel/err

NOTES:
A file 'test_changes.list' was generated with list of all failed tests.
You can use './rt.sh -c -b test_changes.list' to create baselines for the failed tests.
If you are using this log as a pull request verification, please commit 'test_changes.list'.

Result: FAILURE

====END OF HERA REGRESSION TESTING LOG====
