====START OF DERECHO REGRESSION TESTING LOG====

UFSWM hash used in testing:
49a2dcaa702792a5ba50c90b7f7074dadea90dfb

Submodule hashes used in testing:
 37cbb7d6840ae7515a9a8f0dfd4d89461b3396d1 AQM (v0.2.0-37-g37cbb7d)
 be5d28fd1b60522e6fc98aefeead20e6aac3530b AQM/src/model/CMAQ (CMAQv5.2.1_07Feb2018-198-gbe5d28fd1)
 12d0556920c11b388012c7b01e4e3c9ee7ebd93a CDEPS-interface/CDEPS (remotes/origin/simplify_datm)
 2ffee5cd48e0c389bdf75c0d910b3f6d53263563 CICE-interface/CICE (CICE6.0.0-451-g2ffee5c)
 f6ff8f7c4d4cb6feabe3651b13204cf43fc948e3 CICE-interface/CICE/icepack (Icepack1.1.0-182-gf6ff8f7)
 f13e16e414e115e268b2dd300b665e628e5f2429 CMEPS-interface/CMEPS (cmeps_v0.4.1-2308-gf13e16e)
 cabd7753ae17f7bfcc6dad56daf10868aa51c3f4 CMakeModules (v1.0.0-28-gcabd775)
 40fa2b517f4502728d37c85ebfd2d8762fb40a4a FV3 (remotes/origin/feature/cubed_sphere_inc)
 04b336f3da7fde10f1c63ca82699fd5c1378fbf3 FV3/atmos_cubed_sphere (201912_public_release-428-g04b336f)
 0f8232724975c13289cad390c9a71fa2c6a9bff4 FV3/ccpp/framework (2024-07-11-dev)
 1d9b076503c27cd4cfa8b22a977a71e889cbb149 FV3/ccpp/physics (EP4-851-g1d9b0765)
 74a0e098b2163425e4b5466c2dfcf8ae26d560a5 FV3/ccpp/physics/physics/Radiation/RRTMGP/rte-rrtmgp (v1.6)
 be0410ece28f2b5b9c089f8ca09ce0c80c79fe6c FV3/upp (upp_v10.2.0-191-gbe0410ec)
-1ba8270870947b583cd51bc72ff8960f4c1fb36e FV3/upp/sorc/libIFI.fd
-7476b8f2790a47d788f79cebfdbb551567ae7cf8 FV3/upp/sorc/ncep_post.fd/post_gtg.fd
 041422934cae1570f2f0e67239d5d89f11c6e1b7 GOCART (sdr_v2.1.2.6-119-g0414229)
 bcf7777bb037ae2feb2a8a8ac51aacb3511b52d9 HYCOM-interface/HYCOM (2.3.00-122-gbcf7777)
 00f8ea2023f5ed58f0605cea373094f65ee90f64 MOM6-interface/MOM6 (dev/master/repository_split_2014.10.10-10197-g00f8ea202)
 9423197f894112edfcb1502245f7d7b873d551f9 MOM6-interface/MOM6/pkg/CVMix-src (9423197)
 29e64d652786e1d076a05128c920f394202bfe10 MOM6-interface/MOM6/pkg/GSW-Fortran (29e64d6)
 3ac32f0db7a2a97d930f44fa5f060c983ff31ee8 NOAHMP-interface/noahmp (v3.7.1-436-g3ac32f0)
 7f548c795a348bbb0fe4967dd25692c79036dc73 WW3 (6.07.1-346-g7f548c79)
 fad2fe9f42f6b7f744b128b4a2a9433f91e4296f stochastic_physics (ufs-v2.0.0-219-gfad2fe9)


NOTES:
[Times](Memory) are at the end of each compile/test in format [MM:SS](Size).
The first time is for the full script (prep+run+finalize).
The second time is specifically for the run phase.
Times/Memory will be empty for failed tests.

BASELINE DIRECTORY: /glade/derecho/scratch/epicufsrt/ufs-weather-model/RT//NEMSfv3gfs/develop-20240821
COMPARISON DIRECTORY: /glade/derecho/scratch/epicufsrt/FV3_RT/rt_2162

RT.SH OPTIONS USED:
* (-a) - HPC PROJECT ACCOUNT: nral0032
* (-l) - USE CONFIG FILE: rt.conf
* (-e) - USE ECFLOW

PASS -- COMPILE 's2swa_32bit_intel' [26:31, 24:54] ( 6 warnings 10 remarks )
PASS -- TEST 'cpld_control_p8_mixedmode_intel' [11:24, 05:56](3202 MB)

PASS -- COMPILE 's2swa_32bit_pdlib_intel' [28:36, 27:07] ( 6 warnings 10 remarks )
PASS -- TEST 'cpld_control_gfsv17_intel' [19:33, 14:49](1910 MB)
FAILED: RUN DID NOT COMPLETE -- TEST 'cpld_control_gfsv17_iau_intel' [, ]( MB)
PASS -- TEST 'cpld_restart_gfsv17_intel' [13:04, 08:30](1073 MB)
PASS -- TEST 'cpld_mpi_gfsv17_intel' [21:44, 16:48](1879 MB)

PASS -- COMPILE 's2swa_32bit_pdlib_sfs_intel' [28:36, 27:09] ( 6 warnings 10 remarks )
FAILED: RUN DID NOT COMPLETE -- TEST 'cpld_control_sfs_intel' [, ]( MB)

PASS -- COMPILE 's2swa_32bit_pdlib_debug_intel' [17:32, 15:09] ( 1530 warnings 1948 remarks )
PASS -- TEST 'cpld_debug_gfsv17_intel' [27:55, 23:04](1943 MB)

PASS -- COMPILE 's2swa_intel' [26:33, 24:42] ( 5 warnings 10 remarks )
PASS -- TEST 'cpld_control_p8_intel' [11:32, 06:40](3226 MB)
PASS -- TEST 'cpld_control_p8.v2.sfc_intel' [12:43, 06:45](3223 MB)
PASS -- TEST 'cpld_restart_p8_intel' [09:24, 04:37](3153 MB)
PASS -- TEST 'cpld_control_qr_p8_intel' [12:34, 06:40](3254 MB)
PASS -- TEST 'cpld_restart_qr_p8_intel' [09:14, 04:31](3179 MB)
PASS -- TEST 'cpld_2threads_p8_intel' [11:06, 06:18](3736 MB)
PASS -- TEST 'cpld_decomp_p8_intel' [12:16, 06:41](3219 MB)
PASS -- TEST 'cpld_mpi_p8_intel' [09:55, 05:32](3540 MB)
PASS -- TEST 'cpld_control_ciceC_p8_intel' [11:32, 06:37](3233 MB)
PASS -- TEST 'cpld_control_c192_p8_intel' [18:06, 10:04](3823 MB)
PASS -- TEST 'cpld_restart_c192_p8_intel' [17:30, 07:10](3623 MB)
FAILED: RUN DID NOT COMPLETE -- TEST 'cpld_bmark_p8_intel' [, ]( MB)
FAILED: UNABLE TO START TEST -- TEST 'cpld_restart_bmark_p8_intel' [, ]( MB)
PASS -- TEST 'cpld_s2sa_p8_intel' [10:48, 06:20](3207 MB)

PASS -- COMPILE 's2sw_intel' [24:33, 22:42] ( 5 warnings 10 remarks )
PASS -- TEST 'cpld_control_noaero_p8_intel' [10:01, 05:13](1923 MB)
PASS -- TEST 'cpld_control_nowave_noaero_p8_intel' [10:17, 05:25](1983 MB)

PASS -- COMPILE 's2swa_debug_intel' [17:32, 15:06] ( 1455 warnings 1209 remarks )
PASS -- TEST 'cpld_debug_p8_intel' [13:10, 08:41](3299 MB)

PASS -- COMPILE 's2sw_debug_intel' [16:32, 13:47] ( 1455 warnings 1209 remarks )
PASS -- TEST 'cpld_debug_noaero_p8_intel' [10:01, 06:11](1955 MB)

PASS -- COMPILE 's2s_aoflux_intel' [21:32, 19:07] ( 5 warnings 3 remarks )
PASS -- TEST 'cpld_control_noaero_p8_agrid_intel' [09:13, 05:21](1982 MB)

PASS -- COMPILE 's2s_intel' [21:32, 19:27] ( 5 warnings 3 remarks )
PASS -- TEST 'cpld_control_c48_intel' [10:31, 07:12](2883 MB)
PASS -- TEST 'cpld_warmstart_c48_intel' [06:37, 02:52](2895 MB)
PASS -- TEST 'cpld_restart_c48_intel' [05:41, 01:56](2298 MB)

PASS -- COMPILE 's2swa_faster_intel' [29:32, 27:17] ( 5 warnings 10 remarks )
PASS -- TEST 'cpld_control_p8_faster_intel' [11:45, 06:28](3235 MB)

PASS -- COMPILE 's2sw_pdlib_intel' [27:30, 25:25] ( 5 warnings 10 remarks )
PASS -- TEST 'cpld_control_pdlib_p8_intel' [19:14, 15:08](1929 MB)
PASS -- TEST 'cpld_restart_pdlib_p8_intel' [12:21, 08:36](1079 MB)
PASS -- TEST 'cpld_mpi_pdlib_p8_intel' [21:05, 17:06](1890 MB)

PASS -- COMPILE 's2sw_pdlib_debug_intel' [16:22, 14:14] ( 1565 warnings 1948 remarks )
PASS -- TEST 'cpld_debug_pdlib_p8_intel' [28:15, 24:28](1956 MB)

PASS -- COMPILE 'atm_dyn32_intel' [18:22, 16:05] ( 6 warnings 1 remarks )
FAILED: RUN DID NOT COMPLETE -- TEST 'control_flake_intel' [, ]( MB)
PASS -- TEST 'control_CubedSphereGrid_intel' [05:48, 02:31](1557 MB)
FAILED: RUN DID NOT COMPLETE -- TEST 'control_CubedSphereGrid_parallel_intel' [, ]( MB)
FAILED: RUN DID NOT COMPLETE -- TEST 'control_latlon_intel' [, ]( MB)
FAILED: RUN DID NOT COMPLETE -- TEST 'control_wrtGauss_netcdf_parallel_intel' [, ]( MB)
PASS -- TEST 'control_c48_intel' [09:32, 06:14](1567 MB)
PASS -- TEST 'control_c48.v2.sfc_intel' [07:44, 05:25](709 MB)
FAILED: RUN DID NOT COMPLETE -- TEST 'control_c192_intel' [, ]( MB)
FAILED: RUN DID NOT COMPLETE -- TEST 'control_c384_intel' [, ]( MB)
FAILED: RUN DID NOT COMPLETE -- TEST 'control_c384gdas_intel' [, ]( MB)
FAILED: RUN DID NOT COMPLETE -- TEST 'control_stochy_intel' [, ]( MB)
FAILED: UNABLE TO START TEST -- TEST 'control_stochy_restart_intel' [, ]( MB)
FAILED: RUN DID NOT COMPLETE -- TEST 'control_lndp_intel' [, ]( MB)
FAILED: RUN DID NOT COMPLETE -- TEST 'control_iovr4_intel' [, ]( MB)
FAILED: RUN DID NOT COMPLETE -- TEST 'control_iovr5_intel' [, ]( MB)
FAILED: RUN DID NOT COMPLETE -- TEST 'control_p8_intel' [, ]( MB)
FAILED: RUN DID NOT COMPLETE -- TEST 'control_p8.v2.sfc_intel' [, ]( MB)
FAILED: RUN DID NOT COMPLETE -- TEST 'control_p8_ugwpv1_intel' [, ]( MB)
FAILED: UNABLE TO START TEST -- TEST 'control_restart_p8_intel' [, ]( MB)
FAILED: RUN DID NOT COMPLETE -- TEST 'control_noqr_p8_intel' [, ]( MB)
FAILED: UNABLE TO START TEST -- TEST 'control_restart_noqr_p8_intel' [, ]( MB)
FAILED: RUN DID NOT COMPLETE -- TEST 'control_decomp_p8_intel' [, ]( MB)
FAILED: RUN DID NOT COMPLETE -- TEST 'control_2threads_p8_intel' [, ]( MB)
FAILED: RUN DID NOT COMPLETE -- TEST 'control_p8_lndp_intel' [, ]( MB)
FAILED: RUN DID NOT COMPLETE -- TEST 'control_p8_rrtmgp_intel' [, ]( MB)
FAILED: RUN DID NOT COMPLETE -- TEST 'control_p8_mynn_intel' [, ]( MB)
FAILED: RUN DID NOT COMPLETE -- TEST 'merra2_thompson_intel' [, ]( MB)
FAILED: RUN DID NOT COMPLETE -- TEST 'regional_control_intel' [, ]( MB)
FAILED: UNABLE TO START TEST -- TEST 'regional_restart_intel' [, ]( MB)
FAILED: RUN DID NOT COMPLETE -- TEST 'regional_decomp_intel' [, ]( MB)
PASS -- TEST 'regional_noquilt_intel' [08:48, 05:10](1188 MB)
PASS -- TEST 'regional_netcdf_parallel_intel' [08:47, 05:18](856 MB)
FAILED: RUN DID NOT COMPLETE -- TEST 'regional_2dwrtdecomp_intel' [, ]( MB)
FAILED: RUN DID NOT COMPLETE -- TEST 'regional_wofs_intel' [, ]( MB)

PASS -- COMPILE 'rrfs_intel' [16:19, 14:35] ( 8 warnings 9 remarks )
FAILED: RUN DID NOT COMPLETE -- TEST 'rap_control_intel' [, ]( MB)
FAILED: RUN DID NOT COMPLETE -- TEST 'regional_spp_sppt_shum_skeb_intel' [, ]( MB)
FAILED: RUN DID NOT COMPLETE -- TEST 'rap_decomp_intel' [, ]( MB)
FAILED: RUN DID NOT COMPLETE -- TEST 'rap_2threads_intel' [, ]( MB)
FAILED: UNABLE TO START TEST -- TEST 'rap_restart_intel' [, ]( MB)
FAILED: RUN DID NOT COMPLETE -- TEST 'rap_sfcdiff_intel' [, ]( MB)
FAILED: RUN DID NOT COMPLETE -- TEST 'rap_sfcdiff_decomp_intel' [, ]( MB)
FAILED: UNABLE TO START TEST -- TEST 'rap_sfcdiff_restart_intel' [, ]( MB)
FAILED: RUN DID NOT COMPLETE -- TEST 'hrrr_control_intel' [, ]( MB)
FAILED: RUN DID NOT COMPLETE -- TEST 'hrrr_control_decomp_intel' [, ]( MB)
FAILED: RUN DID NOT COMPLETE -- TEST 'hrrr_control_2threads_intel' [, ]( MB)
FAILED: UNABLE TO START TEST -- TEST 'hrrr_control_restart_intel' [, ]( MB)
FAILED: RUN DID NOT COMPLETE -- TEST 'rrfs_v1beta_intel' [, ]( MB)
FAILED: RUN DID NOT COMPLETE -- TEST 'rrfs_v1nssl_intel' [, ]( MB)
FAILED: RUN DID NOT COMPLETE -- TEST 'rrfs_v1nssl_nohailnoccn_intel' [, ]( MB)

PASS -- COMPILE 'csawmg_intel' [15:17, 13:25] ( 5 warnings )
FAILED: RUN DID NOT COMPLETE -- TEST 'control_csawmg_intel' [, ]( MB)
FAILED: RUN DID NOT COMPLETE -- TEST 'control_ras_intel' [, ]( MB)

PASS -- COMPILE 'wam_intel' [15:21, 13:11] ( 5 warnings 1 remarks )
PASS -- TEST 'control_wam_intel' [14:30, 10:14](1650 MB)

PASS -- COMPILE 'atm_faster_dyn32_intel' [15:18, 13:38] ( 5 warnings 1 remarks )
FAILED: RUN DID NOT COMPLETE -- TEST 'control_p8_faster_intel' [, ]( MB)
FAILED: RUN DID NOT COMPLETE -- TEST 'regional_control_faster_intel' [, ]( MB)

PASS -- COMPILE 'atm_debug_dyn32_intel' [18:17, 16:29] ( 889 warnings 9 remarks )
PASS -- TEST 'control_CubedSphereGrid_debug_intel' [06:24, 02:51](1599 MB)
PASS -- TEST 'control_wrtGauss_netcdf_parallel_debug_intel' [05:34, 02:38](1600 MB)
PASS -- TEST 'control_stochy_debug_intel' [05:45, 03:02](803 MB)
PASS -- TEST 'control_lndp_debug_intel' [05:48, 02:40](805 MB)
PASS -- TEST 'control_csawmg_debug_intel' [08:21, 05:02](1113 MB)
PASS -- TEST 'control_ras_debug_intel' [05:44, 02:45](812 MB)
PASS -- TEST 'control_diag_debug_intel' [06:49, 02:51](1665 MB)
PASS -- TEST 'control_debug_p8_intel' [06:17, 03:37](1890 MB)
PASS -- TEST 'regional_debug_intel' [18:56, 16:37](920 MB)
PASS -- TEST 'rap_control_debug_intel' [07:40, 04:52](1182 MB)
PASS -- TEST 'hrrr_control_debug_intel' [07:37, 04:44](1183 MB)
PASS -- TEST 'hrrr_gf_debug_intel' [08:00, 04:49](1187 MB)
PASS -- TEST 'hrrr_c3_debug_intel' [07:59, 04:49](1186 MB)
PASS -- TEST 'rap_unified_drag_suite_debug_intel' [08:00, 04:51](1185 MB)
PASS -- TEST 'rap_diag_debug_intel' [10:48, 05:08](1267 MB)
PASS -- TEST 'rap_cires_ugwp_debug_intel' [07:39, 04:57](1185 MB)
PASS -- TEST 'rap_unified_ugwp_debug_intel' [07:34, 05:02](1184 MB)
PASS -- TEST 'rap_lndp_debug_intel' [07:48, 04:58](1196 MB)
PASS -- TEST 'rap_progcld_thompson_debug_intel' [07:48, 04:57](1188 MB)
PASS -- TEST 'rap_noah_debug_intel' [07:44, 04:47](1184 MB)
PASS -- TEST 'rap_sfcdiff_debug_intel' [07:45, 04:52](1183 MB)
PASS -- TEST 'rap_noah_sfcdiff_cires_ugwp_debug_intel' [10:33, 07:51](1185 MB)
PASS -- TEST 'rrfs_v1beta_debug_intel' [07:32, 04:42](1179 MB)
FAILED: RUN DID NOT COMPLETE -- TEST 'rap_clm_lake_debug_intel' [, ]( MB)
PASS -- TEST 'rap_flake_debug_intel' [07:43, 04:57](1182 MB)
PASS -- TEST 'gnv1_c96_no_nest_debug_intel' [11:21, 08:17](1193 MB)

PASS -- COMPILE 'wam_debug_intel' [11:14, 09:10] ( 844 warnings 1 remarks )
PASS -- TEST 'control_wam_debug_intel' [16:18, 12:36](1696 MB)

PASS -- COMPILE 'rrfs_dyn32_phy32_intel' [15:25, 13:16] ( 8 warnings 8 remarks )
FAILED: RUN DID NOT COMPLETE -- TEST 'regional_spp_sppt_shum_skeb_dyn32_phy32_intel' [, ]( MB)
FAILED: RUN DID NOT COMPLETE -- TEST 'rap_control_dyn32_phy32_intel' [, ]( MB)
FAILED: RUN DID NOT COMPLETE -- TEST 'hrrr_control_dyn32_phy32_intel' [, ]( MB)
FAILED: RUN DID NOT COMPLETE -- TEST 'rap_2threads_dyn32_phy32_intel' [, ]( MB)
FAILED: RUN DID NOT COMPLETE -- TEST 'hrrr_control_2threads_dyn32_phy32_intel' [, ]( MB)
FAILED: RUN DID NOT COMPLETE -- TEST 'hrrr_control_decomp_dyn32_phy32_intel' [, ]( MB)
FAILED: UNABLE TO START TEST -- TEST 'rap_restart_dyn32_phy32_intel' [, ]( MB)
FAILED: UNABLE TO START TEST -- TEST 'hrrr_control_restart_dyn32_phy32_intel' [, ]( MB)

PASS -- COMPILE 'rrfs_dyn32_phy32_faster_intel' [15:20, 13:25] ( 8 warnings 8 remarks )
PASS -- TEST 'conus13km_control_intel' [06:44, 02:07](1074 MB)
PASS -- TEST 'conus13km_2threads_intel' [04:55, 01:12](1073 MB)
PASS -- TEST 'conus13km_restart_mismatch_intel' [04:26, 01:13](960 MB)

PASS -- COMPILE 'rrfs_dyn64_phy32_intel' [15:23, 13:37] ( 8 warnings 8 remarks )
FAILED: RUN DID NOT COMPLETE -- TEST 'rap_control_dyn64_phy32_intel' [, ]( MB)

PASS -- COMPILE 'rrfs_dyn32_phy32_debug_intel' [11:19, 09:38] ( 792 warnings 8 remarks )
PASS -- TEST 'rap_control_debug_dyn32_phy32_intel' [07:54, 04:40](1069 MB)
PASS -- TEST 'hrrr_control_debug_dyn32_phy32_intel' [07:51, 04:36](1068 MB)
PASS -- TEST 'conus13km_debug_intel' [18:15, 13:55](1149 MB)
PASS -- TEST 'conus13km_debug_qr_intel' [18:15, 13:51](830 MB)
PASS -- TEST 'conus13km_debug_2threads_intel' [11:48, 08:03](1140 MB)
PASS -- TEST 'conus13km_radar_tten_debug_intel' [18:05, 13:48](1213 MB)

PASS -- COMPILE 'rrfs_dyn64_phy32_debug_intel' [11:17, 09:24] ( 792 warnings 8 remarks )
PASS -- TEST 'rap_control_dyn64_phy32_debug_intel' [07:54, 04:48](1093 MB)

PASS -- COMPILE 'hafsw_intel' [22:21, 20:35] ( 6 warnings 9 remarks )
FAILED: RUN DID NOT COMPLETE -- TEST 'hafs_regional_atm_intel' [, ]( MB)
PASS -- TEST 'hafs_regional_atm_thompson_gfdlsf_intel' [08:21, 05:41](1049 MB)
PASS -- TEST 'hafs_regional_atm_ocn_intel' [11:05, 06:47](755 MB)
PASS -- TEST 'hafs_regional_atm_wav_intel' [14:42, 11:12](789 MB)
PASS -- TEST 'hafs_regional_atm_ocn_wav_intel' [16:20, 12:22](789 MB)
PASS -- TEST 'hafs_regional_1nest_atm_intel' [08:23, 04:51](463 MB)
PASS -- TEST 'hafs_regional_telescopic_2nests_atm_intel' [10:16, 05:59](484 MB)
PASS -- TEST 'hafs_global_1nest_atm_intel' [05:17, 02:22](388 MB)
FAILED: RUN DID NOT COMPLETE -- TEST 'hafs_global_multiple_4nests_atm_intel' [, ]( MB)
FAILED: RUN DID NOT COMPLETE -- TEST 'hafs_regional_specified_moving_1nest_atm_intel' [, ]( MB)
PASS -- TEST 'hafs_regional_storm_following_1nest_atm_intel' [07:04, 03:15](500 MB)
PASS -- TEST 'hafs_regional_storm_following_1nest_atm_ocn_intel' [07:39, 04:11](574 MB)
PASS -- TEST 'hafs_global_storm_following_1nest_atm_intel' [03:34, 01:21](424 MB)
FAILED: RUN DID NOT COMPLETE -- TEST 'gnv1_nested_intel' [, ]( MB)

PASS -- COMPILE 'hafsw_debug_intel' [13:19, 11:29] ( 1472 warnings 1481 remarks )
PASS -- TEST 'hafs_regional_storm_following_1nest_atm_ocn_debug_intel' [15:39, 12:21](622 MB)

PASS -- COMPILE 'hafsw_faster_intel' [22:28, 20:00] ( 5 warnings 8 remarks )
PASS -- TEST 'hafs_regional_storm_following_1nest_atm_ocn_wav_intel' [11:43, 07:27](620 MB)
PASS -- TEST 'hafs_regional_storm_following_1nest_atm_ocn_wav_inline_intel' [11:05, 07:31](746 MB)

PASS -- COMPILE 'hafs_mom6w_intel' [23:19, 21:20] ( 5 warnings 7 remarks )
PASS -- TEST 'hafs_regional_storm_following_1nest_atm_ocn_wav_mom6_intel' [10:25, 05:34](668 MB)

PASS -- COMPILE 'hafs_all_intel' [20:19, 18:16] ( 5 warnings 8 remarks )
PASS -- TEST 'hafs_regional_docn_intel' [10:00, 05:58](743 MB)
PASS -- TEST 'hafs_regional_docn_oisst_intel' [09:56, 06:02](723 MB)
PASS -- TEST 'hafs_regional_datm_cdeps_intel' [19:42, 16:16](893 MB)

PASS -- COMPILE 'datm_cdeps_intel' [12:23, 10:57] ( 5 warnings 2 remarks )
PASS -- TEST 'datm_cdeps_control_cfsr_intel' [05:49, 02:36](754 MB)
PASS -- TEST 'datm_cdeps_restart_cfsr_intel' [03:56, 01:36](757 MB)
PASS -- TEST 'datm_cdeps_control_gefs_intel' [04:35, 02:27](647 MB)
PASS -- TEST 'datm_cdeps_iau_gefs_intel' [04:57, 02:28](644 MB)
PASS -- TEST 'datm_cdeps_stochy_gefs_intel' [04:56, 02:31](648 MB)
PASS -- TEST 'datm_cdeps_ciceC_cfsr_intel' [04:58, 02:31](769 MB)
PASS -- TEST 'datm_cdeps_bulk_cfsr_intel' [04:56, 02:34](766 MB)
PASS -- TEST 'datm_cdeps_bulk_gefs_intel' [04:51, 02:28](648 MB)
PASS -- TEST 'datm_cdeps_mx025_cfsr_intel' [11:48, 05:57](697 MB)
PASS -- TEST 'datm_cdeps_mx025_gefs_intel' [11:54, 05:55](680 MB)
PASS -- TEST 'datm_cdeps_multiple_files_cfsr_intel' [04:29, 02:34](767 MB)
PASS -- TEST 'datm_cdeps_3072x1536_cfsr_intel' [06:40, 04:04](2036 MB)
PASS -- TEST 'datm_cdeps_gfs_intel' [07:01, 04:06](2033 MB)

PASS -- COMPILE 'datm_cdeps_debug_intel' [10:19, 08:09] ( 7 warnings 2 remarks )
PASS -- TEST 'datm_cdeps_debug_cfsr_intel' [07:38, 05:19](751 MB)

PASS -- COMPILE 'datm_cdeps_faster_intel' [13:20, 10:55] ( 5 warnings 2 remarks )
PASS -- TEST 'datm_cdeps_control_cfsr_faster_intel' [04:27, 02:34](756 MB)

PASS -- COMPILE 'datm_cdeps_land_intel' [05:13, 03:38] ( 1 remarks )
PASS -- TEST 'datm_cdeps_lnd_gswp3_intel' [04:32, 01:34](312 MB)
PASS -- TEST 'datm_cdeps_lnd_era5_intel' [04:07, 01:34](450 MB)
PASS -- TEST 'datm_cdeps_lnd_era5_rst_intel' [03:36, 00:57](450 MB)

PASS -- COMPILE 'atm_ds2s_docn_pcice_intel' [17:18, 15:32] ( 5 warnings 3 remarks )
PASS -- TEST 'atm_ds2s_docn_pcice_intel' [07:59, 04:07](1912 MB)

PASS -- COMPILE 'atm_ds2s_docn_dice_intel' [16:17, 14:28] ( 5 warnings 1 remarks )
PASS -- TEST 'atm_ds2s_docn_dice_intel' [08:46, 04:11](1894 MB)

PASS -- COMPILE 'atml_intel' [18:25, 16:39] ( 13 warnings 2 remarks )
PASS -- TEST 'control_p8_atmlnd_sbs_intel' [13:03, 08:58](1886 MB)
PASS -- TEST 'control_p8_atmlnd_intel' [13:04, 08:37](1882 MB)
PASS -- TEST 'control_restart_p8_atmlnd_intel' [09:20, 05:08](1040 MB)

PASS -- COMPILE 'atml_debug_intel' [15:23, 13:08] ( 887 warnings 2 remarks )
PASS -- TEST 'control_p8_atmlnd_debug_intel' [11:16, 06:36](1919 MB)

PASS -- COMPILE 'atmw_intel' [17:18, 15:33] ( 5 warnings 8 remarks )
PASS -- TEST 'atmwav_control_noaero_p8_intel' [05:45, 02:35](1873 MB)

PASS -- COMPILE 'atmaero_intel' [17:17, 14:55] ( 5 warnings 1 remarks )
FAILED: RUN DID NOT COMPLETE -- TEST 'atmaero_control_p8_intel' [, ]( MB)
FAILED: RUN DID NOT COMPLETE -- TEST 'atmaero_control_p8_rad_intel' [, ]( MB)
FAILED: RUN DID NOT COMPLETE -- TEST 'atmaero_control_p8_rad_micro_intel' [, ]( MB)

PASS -- COMPILE 'atmaq_debug_intel' [12:18, 10:12] ( 889 warnings 6 remarks )
PASS -- TEST 'regional_atmaq_debug_intel' [28:01, 22:46](4552 MB)

SYNOPSIS:
Starting Date/Time: 20240826 06:32:45
Ending Date/Time: 20240826 08:20:12
Total Time: 01h:49m:06s
Compiles Completed: 41/41
Tests Completed: 115/184
Failed Tests:
* TEST cpld_control_gfsv17_iau_intel: FAILED: RUN DID NOT COMPLETE
-- LOG: /glade/derecho/scratch/epicufsrt/jenkins/workspace/s-weather-model_pipeline_PR-2389/tests/logs/log_derecho/run_cpld_control_gfsv17_iau_intel.log
* TEST cpld_control_sfs_intel: FAILED: RUN DID NOT COMPLETE
-- LOG: /glade/derecho/scratch/epicufsrt/jenkins/workspace/s-weather-model_pipeline_PR-2389/tests/logs/log_derecho/run_cpld_control_sfs_intel.log
* TEST cpld_bmark_p8_intel: FAILED: RUN DID NOT COMPLETE
-- LOG: /glade/derecho/scratch/epicufsrt/jenkins/workspace/s-weather-model_pipeline_PR-2389/tests/logs/log_derecho/run_cpld_bmark_p8_intel.log
* TEST cpld_restart_bmark_p8_intel: FAILED: UNABLE TO START TEST
-- LOG: N/A
* TEST control_flake_intel: FAILED: RUN DID NOT COMPLETE
-- LOG: /glade/derecho/scratch/epicufsrt/jenkins/workspace/s-weather-model_pipeline_PR-2389/tests/logs/log_derecho/run_control_flake_intel.log
* TEST control_CubedSphereGrid_parallel_intel: FAILED: RUN DID NOT COMPLETE
-- LOG: /glade/derecho/scratch/epicufsrt/jenkins/workspace/s-weather-model_pipeline_PR-2389/tests/logs/log_derecho/run_control_CubedSphereGrid_parallel_intel.log
* TEST control_latlon_intel: FAILED: RUN DID NOT COMPLETE
-- LOG: /glade/derecho/scratch/epicufsrt/jenkins/workspace/s-weather-model_pipeline_PR-2389/tests/logs/log_derecho/run_control_latlon_intel.log
* TEST control_wrtGauss_netcdf_parallel_intel: FAILED: RUN DID NOT COMPLETE
-- LOG: /glade/derecho/scratch/epicufsrt/jenkins/workspace/s-weather-model_pipeline_PR-2389/tests/logs/log_derecho/run_control_wrtGauss_netcdf_parallel_intel.log
* TEST control_c192_intel: FAILED: RUN DID NOT COMPLETE
-- LOG: /glade/derecho/scratch/epicufsrt/jenkins/workspace/s-weather-model_pipeline_PR-2389/tests/logs/log_derecho/run_control_c192_intel.log
* TEST control_c384_intel: FAILED: RUN DID NOT COMPLETE
-- LOG: /glade/derecho/scratch/epicufsrt/jenkins/workspace/s-weather-model_pipeline_PR-2389/tests/logs/log_derecho/run_control_c384_intel.log
* TEST control_c384gdas_intel: FAILED: RUN DID NOT COMPLETE
-- LOG: /glade/derecho/scratch/epicufsrt/jenkins/workspace/s-weather-model_pipeline_PR-2389/tests/logs/log_derecho/run_control_c384gdas_intel.log
* TEST control_stochy_intel: FAILED: RUN DID NOT COMPLETE
-- LOG: /glade/derecho/scratch/epicufsrt/jenkins/workspace/s-weather-model_pipeline_PR-2389/tests/logs/log_derecho/run_control_stochy_intel.log
* TEST control_stochy_restart_intel: FAILED: UNABLE TO START TEST
-- LOG: N/A
* TEST control_lndp_intel: FAILED: RUN DID NOT COMPLETE
-- LOG: /glade/derecho/scratch/epicufsrt/jenkins/workspace/s-weather-model_pipeline_PR-2389/tests/logs/log_derecho/run_control_lndp_intel.log
* TEST control_iovr4_intel: FAILED: RUN DID NOT COMPLETE
-- LOG: /glade/derecho/scratch/epicufsrt/jenkins/workspace/s-weather-model_pipeline_PR-2389/tests/logs/log_derecho/run_control_iovr4_intel.log
* TEST control_iovr5_intel: FAILED: RUN DID NOT COMPLETE
-- LOG: /glade/derecho/scratch/epicufsrt/jenkins/workspace/s-weather-model_pipeline_PR-2389/tests/logs/log_derecho/run_control_iovr5_intel.log
* TEST control_p8_intel: FAILED: RUN DID NOT COMPLETE
-- LOG: /glade/derecho/scratch/epicufsrt/jenkins/workspace/s-weather-model_pipeline_PR-2389/tests/logs/log_derecho/run_control_p8_intel.log
* TEST control_p8.v2.sfc_intel: FAILED: RUN DID NOT COMPLETE
-- LOG: /glade/derecho/scratch/epicufsrt/jenkins/workspace/s-weather-model_pipeline_PR-2389/tests/logs/log_derecho/run_control_p8.v2.sfc_intel.log
* TEST control_p8_ugwpv1_intel: FAILED: RUN DID NOT COMPLETE
-- LOG: /glade/derecho/scratch/epicufsrt/jenkins/workspace/s-weather-model_pipeline_PR-2389/tests/logs/log_derecho/run_control_p8_ugwpv1_intel.log
* TEST control_restart_p8_intel: FAILED: UNABLE TO START TEST
-- LOG: N/A
* TEST control_noqr_p8_intel: FAILED: RUN DID NOT COMPLETE
-- LOG: /glade/derecho/scratch/epicufsrt/jenkins/workspace/s-weather-model_pipeline_PR-2389/tests/logs/log_derecho/run_control_noqr_p8_intel.log
* TEST control_restart_noqr_p8_intel: FAILED: UNABLE TO START TEST
-- LOG: N/A
* TEST control_decomp_p8_intel: FAILED: RUN DID NOT COMPLETE
-- LOG: /glade/derecho/scratch/epicufsrt/jenkins/workspace/s-weather-model_pipeline_PR-2389/tests/logs/log_derecho/run_control_decomp_p8_intel.log
* TEST control_2threads_p8_intel: FAILED: RUN DID NOT COMPLETE
-- LOG: /glade/derecho/scratch/epicufsrt/jenkins/workspace/s-weather-model_pipeline_PR-2389/tests/logs/log_derecho/run_control_2threads_p8_intel.log
* TEST control_p8_lndp_intel: FAILED: RUN DID NOT COMPLETE
-- LOG: /glade/derecho/scratch/epicufsrt/jenkins/workspace/s-weather-model_pipeline_PR-2389/tests/logs/log_derecho/run_control_p8_lndp_intel.log
* TEST control_p8_rrtmgp_intel: FAILED: RUN DID NOT COMPLETE
-- LOG: /glade/derecho/scratch/epicufsrt/jenkins/workspace/s-weather-model_pipeline_PR-2389/tests/logs/log_derecho/run_control_p8_rrtmgp_intel.log
* TEST control_p8_mynn_intel: FAILED: RUN DID NOT COMPLETE
-- LOG: /glade/derecho/scratch/epicufsrt/jenkins/workspace/s-weather-model_pipeline_PR-2389/tests/logs/log_derecho/run_control_p8_mynn_intel.log
* TEST merra2_thompson_intel: FAILED: RUN DID NOT COMPLETE
-- LOG: /glade/derecho/scratch/epicufsrt/jenkins/workspace/s-weather-model_pipeline_PR-2389/tests/logs/log_derecho/run_merra2_thompson_intel.log
* TEST regional_control_intel: FAILED: RUN DID NOT COMPLETE
-- LOG: /glade/derecho/scratch/epicufsrt/jenkins/workspace/s-weather-model_pipeline_PR-2389/tests/logs/log_derecho/run_regional_control_intel.log
* TEST regional_restart_intel: FAILED: UNABLE TO START TEST
-- LOG: N/A
* TEST regional_decomp_intel: FAILED: RUN DID NOT COMPLETE
-- LOG: /glade/derecho/scratch/epicufsrt/jenkins/workspace/s-weather-model_pipeline_PR-2389/tests/logs/log_derecho/run_regional_decomp_intel.log
* TEST regional_2dwrtdecomp_intel: FAILED: RUN DID NOT COMPLETE
-- LOG: /glade/derecho/scratch/epicufsrt/jenkins/workspace/s-weather-model_pipeline_PR-2389/tests/logs/log_derecho/run_regional_2dwrtdecomp_intel.log
* TEST regional_wofs_intel: FAILED: RUN DID NOT COMPLETE
-- LOG: /glade/derecho/scratch/epicufsrt/jenkins/workspace/s-weather-model_pipeline_PR-2389/tests/logs/log_derecho/run_regional_wofs_intel.log
* TEST rap_control_intel: FAILED: RUN DID NOT COMPLETE
-- LOG: /glade/derecho/scratch/epicufsrt/jenkins/workspace/s-weather-model_pipeline_PR-2389/tests/logs/log_derecho/run_rap_control_intel.log
* TEST regional_spp_sppt_shum_skeb_intel: FAILED: RUN DID NOT COMPLETE
-- LOG: /glade/derecho/scratch/epicufsrt/jenkins/workspace/s-weather-model_pipeline_PR-2389/tests/logs/log_derecho/run_regional_spp_sppt_shum_skeb_intel.log
* TEST rap_decomp_intel: FAILED: RUN DID NOT COMPLETE
-- LOG: /glade/derecho/scratch/epicufsrt/jenkins/workspace/s-weather-model_pipeline_PR-2389/tests/logs/log_derecho/run_rap_decomp_intel.log
* TEST rap_2threads_intel: FAILED: RUN DID NOT COMPLETE
-- LOG: /glade/derecho/scratch/epicufsrt/jenkins/workspace/s-weather-model_pipeline_PR-2389/tests/logs/log_derecho/run_rap_2threads_intel.log
* TEST rap_restart_intel: FAILED: UNABLE TO START TEST
-- LOG: N/A
* TEST rap_sfcdiff_intel: FAILED: RUN DID NOT COMPLETE
-- LOG: /glade/derecho/scratch/epicufsrt/jenkins/workspace/s-weather-model_pipeline_PR-2389/tests/logs/log_derecho/run_rap_sfcdiff_intel.log
* TEST rap_sfcdiff_decomp_intel: FAILED: RUN DID NOT COMPLETE
-- LOG: /glade/derecho/scratch/epicufsrt/jenkins/workspace/s-weather-model_pipeline_PR-2389/tests/logs/log_derecho/run_rap_sfcdiff_decomp_intel.log
* TEST rap_sfcdiff_restart_intel: FAILED: UNABLE TO START TEST
-- LOG: N/A
* TEST hrrr_control_intel: FAILED: RUN DID NOT COMPLETE
-- LOG: /glade/derecho/scratch/epicufsrt/jenkins/workspace/s-weather-model_pipeline_PR-2389/tests/logs/log_derecho/run_hrrr_control_intel.log
* TEST hrrr_control_decomp_intel: FAILED: RUN DID NOT COMPLETE
-- LOG: /glade/derecho/scratch/epicufsrt/jenkins/workspace/s-weather-model_pipeline_PR-2389/tests/logs/log_derecho/run_hrrr_control_decomp_intel.log
* TEST hrrr_control_2threads_intel: FAILED: RUN DID NOT COMPLETE
-- LOG: /glade/derecho/scratch/epicufsrt/jenkins/workspace/s-weather-model_pipeline_PR-2389/tests/logs/log_derecho/run_hrrr_control_2threads_intel.log
* TEST hrrr_control_restart_intel: FAILED: UNABLE TO START TEST
-- LOG: N/A
* TEST rrfs_v1beta_intel: FAILED: RUN DID NOT COMPLETE
-- LOG: /glade/derecho/scratch/epicufsrt/jenkins/workspace/s-weather-model_pipeline_PR-2389/tests/logs/log_derecho/run_rrfs_v1beta_intel.log
* TEST rrfs_v1nssl_intel: FAILED: RUN DID NOT COMPLETE
-- LOG: /glade/derecho/scratch/epicufsrt/jenkins/workspace/s-weather-model_pipeline_PR-2389/tests/logs/log_derecho/run_rrfs_v1nssl_intel.log
* TEST rrfs_v1nssl_nohailnoccn_intel: FAILED: RUN DID NOT COMPLETE
-- LOG: /glade/derecho/scratch/epicufsrt/jenkins/workspace/s-weather-model_pipeline_PR-2389/tests/logs/log_derecho/run_rrfs_v1nssl_nohailnoccn_intel.log
* TEST control_csawmg_intel: FAILED: RUN DID NOT COMPLETE
-- LOG: /glade/derecho/scratch/epicufsrt/jenkins/workspace/s-weather-model_pipeline_PR-2389/tests/logs/log_derecho/run_control_csawmg_intel.log
* TEST control_ras_intel: FAILED: RUN DID NOT COMPLETE
-- LOG: /glade/derecho/scratch/epicufsrt/jenkins/workspace/s-weather-model_pipeline_PR-2389/tests/logs/log_derecho/run_control_ras_intel.log
* TEST control_p8_faster_intel: FAILED: RUN DID NOT COMPLETE
-- LOG: /glade/derecho/scratch/epicufsrt/jenkins/workspace/s-weather-model_pipeline_PR-2389/tests/logs/log_derecho/run_control_p8_faster_intel.log
* TEST regional_control_faster_intel: FAILED: RUN DID NOT COMPLETE
-- LOG: /glade/derecho/scratch/epicufsrt/jenkins/workspace/s-weather-model_pipeline_PR-2389/tests/logs/log_derecho/run_regional_control_faster_intel.log
* TEST rap_clm_lake_debug_intel: FAILED: RUN DID NOT COMPLETE
-- LOG: /glade/derecho/scratch/epicufsrt/jenkins/workspace/s-weather-model_pipeline_PR-2389/tests/logs/log_derecho/run_rap_clm_lake_debug_intel.log
* TEST regional_spp_sppt_shum_skeb_dyn32_phy32_intel: FAILED: RUN DID NOT COMPLETE
-- LOG: /glade/derecho/scratch/epicufsrt/jenkins/workspace/s-weather-model_pipeline_PR-2389/tests/logs/log_derecho/run_regional_spp_sppt_shum_skeb_dyn32_phy32_intel.log
* TEST rap_control_dyn32_phy32_intel: FAILED: RUN DID NOT COMPLETE
-- LOG: /glade/derecho/scratch/epicufsrt/jenkins/workspace/s-weather-model_pipeline_PR-2389/tests/logs/log_derecho/run_rap_control_dyn32_phy32_intel.log
* TEST hrrr_control_dyn32_phy32_intel: FAILED: RUN DID NOT COMPLETE
-- LOG: /glade/derecho/scratch/epicufsrt/jenkins/workspace/s-weather-model_pipeline_PR-2389/tests/logs/log_derecho/run_hrrr_control_dyn32_phy32_intel.log
* TEST rap_2threads_dyn32_phy32_intel: FAILED: RUN DID NOT COMPLETE
-- LOG: /glade/derecho/scratch/epicufsrt/jenkins/workspace/s-weather-model_pipeline_PR-2389/tests/logs/log_derecho/run_rap_2threads_dyn32_phy32_intel.log
* TEST hrrr_control_2threads_dyn32_phy32_intel: FAILED: RUN DID NOT COMPLETE
-- LOG: /glade/derecho/scratch/epicufsrt/jenkins/workspace/s-weather-model_pipeline_PR-2389/tests/logs/log_derecho/run_hrrr_control_2threads_dyn32_phy32_intel.log
* TEST hrrr_control_decomp_dyn32_phy32_intel: FAILED: RUN DID NOT COMPLETE
-- LOG: /glade/derecho/scratch/epicufsrt/jenkins/workspace/s-weather-model_pipeline_PR-2389/tests/logs/log_derecho/run_hrrr_control_decomp_dyn32_phy32_intel.log
* TEST rap_restart_dyn32_phy32_intel: FAILED: UNABLE TO START TEST
-- LOG: N/A
* TEST hrrr_control_restart_dyn32_phy32_intel: FAILED: UNABLE TO START TEST
-- LOG: N/A
* TEST rap_control_dyn64_phy32_intel: FAILED: RUN DID NOT COMPLETE
-- LOG: /glade/derecho/scratch/epicufsrt/jenkins/workspace/s-weather-model_pipeline_PR-2389/tests/logs/log_derecho/run_rap_control_dyn64_phy32_intel.log
* TEST hafs_regional_atm_intel: FAILED: RUN DID NOT COMPLETE
-- LOG: /glade/derecho/scratch/epicufsrt/jenkins/workspace/s-weather-model_pipeline_PR-2389/tests/logs/log_derecho/run_hafs_regional_atm_intel.log
* TEST hafs_global_multiple_4nests_atm_intel: FAILED: RUN DID NOT COMPLETE
-- LOG: /glade/derecho/scratch/epicufsrt/jenkins/workspace/s-weather-model_pipeline_PR-2389/tests/logs/log_derecho/run_hafs_global_multiple_4nests_atm_intel.log
* TEST hafs_regional_specified_moving_1nest_atm_intel: FAILED: RUN DID NOT COMPLETE
-- LOG: /glade/derecho/scratch/epicufsrt/jenkins/workspace/s-weather-model_pipeline_PR-2389/tests/logs/log_derecho/run_hafs_regional_specified_moving_1nest_atm_intel.log
* TEST gnv1_nested_intel: FAILED: RUN DID NOT COMPLETE
-- LOG: /glade/derecho/scratch/epicufsrt/jenkins/workspace/s-weather-model_pipeline_PR-2389/tests/logs/log_derecho/run_gnv1_nested_intel.log
* TEST atmaero_control_p8_intel: FAILED: RUN DID NOT COMPLETE
-- LOG: /glade/derecho/scratch/epicufsrt/jenkins/workspace/s-weather-model_pipeline_PR-2389/tests/logs/log_derecho/run_atmaero_control_p8_intel.log
* TEST atmaero_control_p8_rad_intel: FAILED: RUN DID NOT COMPLETE
-- LOG: /glade/derecho/scratch/epicufsrt/jenkins/workspace/s-weather-model_pipeline_PR-2389/tests/logs/log_derecho/run_atmaero_control_p8_rad_intel.log
* TEST atmaero_control_p8_rad_micro_intel: FAILED: RUN DID NOT COMPLETE
-- LOG: /glade/derecho/scratch/epicufsrt/jenkins/workspace/s-weather-model_pipeline_PR-2389/tests/logs/log_derecho/run_atmaero_control_p8_rad_micro_intel.log

NOTES:
A file 'test_changes.list' was generated with list of all failed tests.
You can use './rt.sh -c -b test_changes.list' to create baselines for the failed tests.
If you are using this log as a pull request verification, please commit 'test_changes.list'.

Result: FAILURE

====END OF DERECHO REGRESSION TESTING LOG====
